#-----------------------------------------------------------
# Vivado v2018.2 (64-bit)
# SW Build 2258646 on Thu Jun 14 20:03:12 MDT 2018
# IP Build 2256618 on Thu Jun 14 22:10:49 MDT 2018
# Start of session at: Fri May 23 23:39:24 2025
# Process ID: 11920
# Current directory: D:/Nano
# Command line: vivado.exe -gui_launcher_event rodinguilauncherevent12164 D:\Nano\Nano.xpr
# Log file: D:/Nano/vivado.log
# Journal file: D:/Nano\vivado.jou
#-----------------------------------------------------------
start_gui
open_project D:/Nano/Nano.xpr
INFO: [Project 1-313] Project file moved from 'D:/CS1050-Labs/Nano' since last save.
Scanning sources...
Finished scanning sources
INFO: [IP_Flow 19-234] Refreshing IP repositories
INFO: [IP_Flow 19-1704] No user IP repositories specified
INFO: [IP_Flow 19-2313] Loaded Vivado IP repository 'C:/Xilinx/Vivado/2018.2/data/ip'.
open_project: Time (s): cpu = 00:00:07 ; elapsed = 00:00:06 . Memory (MB): peak = 1012.727 ; gain = 231.605
update_compile_order -fileset sources_1
export_ip_user_files -of_objects  [get_files D:/Nano/Nano.srcs/sources_1/new/Counter.vhd] -no_script -reset -force -quiet
remove_files  D:/Nano/Nano.srcs/sources_1/new/Counter.vhd
file delete -force D:/Nano/Nano.srcs/sources_1/new/Counter.vhd
export_ip_user_files -of_objects  [get_files D:/Nano/Nano.srcs/sources_1/new/D_FF.vhd] -no_script -reset -force -quiet
remove_files  D:/Nano/Nano.srcs/sources_1/new/D_FF.vhd
file delete -force D:/Nano/Nano.srcs/sources_1/new/D_FF.vhd
launch_simulation
INFO: [Vivado 12-5682] Launching behavioral simulation in 'D:/Nano/Nano.sim/sim_1/behav/xsim'
INFO: [SIM-utils-51] Simulation object is 'sim_1'
INFO: [SIM-utils-54] Inspecting design source files for 'TB_Nanoprocessor' in fileset 'sim_1'...
INFO: [USF-XSim-97] Finding global include files...
INFO: [USF-XSim-98] Fetching design files from 'sim_1'...
INFO: [USF-XSim-2] XSim::Compile design
INFO: [USF-XSim-61] Executing 'COMPILE and ANALYZE' step in 'D:/Nano/Nano.sim/sim_1/behav/xsim'
"xvhdl --incr --relax -prj TB_Nanoprocessor_vhdl.prj"
INFO: [VRFC 10-163] Analyzing VHDL file "D:/Nano/Nano.srcs/sources_1/new/Add_Sub_4bit.vhd" into library xil_defaultlib
INFO: [VRFC 10-307] analyzing entity Add_Sub_4bit
INFO: [VRFC 10-163] Analyzing VHDL file "D:/Nano/Nano.srcs/sources_1/new/Decoder_2_to_4.vhd" into library xil_defaultlib
INFO: [VRFC 10-307] analyzing entity Decoder_2_to_4
INFO: [VRFC 10-163] Analyzing VHDL file "D:/Nano/Nano.srcs/sources_1/new/Decoder_3_to_8.vhd" into library xil_defaultlib
INFO: [VRFC 10-307] analyzing entity Decoder_3_to_8
INFO: [VRFC 10-163] Analyzing VHDL file "D:/Nano/Nano.srcs/sources_1/new/FA.vhd" into library xil_defaultlib
INFO: [VRFC 10-307] analyzing entity FA
INFO: [VRFC 10-163] Analyzing VHDL file "D:/Nano/Nano.srcs/sources_1/new/HA.vhd" into library xil_defaultlib
INFO: [VRFC 10-307] analyzing entity HA
INFO: [VRFC 10-163] Analyzing VHDL file "D:/Nano/Nano.srcs/sources_1/new/Instruction_Dec.vhd" into library xil_defaultlib
INFO: [VRFC 10-307] analyzing entity Instruction_Dec
INFO: [VRFC 10-163] Analyzing VHDL file "D:/Nano/Nano.srcs/sources_1/new/LUT_16_7.vhd" into library xil_defaultlib
INFO: [VRFC 10-307] analyzing entity LUT_16_7
INFO: [VRFC 10-163] Analyzing VHDL file "D:/Nano/Nano.srcs/sources_1/new/Mux_2_to_1.vhd" into library xil_defaultlib
INFO: [VRFC 10-307] analyzing entity Mux_2_to_1
INFO: [VRFC 10-163] Analyzing VHDL file "D:/Nano/Nano.srcs/sources_1/new/Mux_2way_3bit.vhd" into library xil_defaultlib
INFO: [VRFC 10-307] analyzing entity Mux_2way_3bit
INFO: [VRFC 10-163] Analyzing VHDL file "D:/Nano/Nano.srcs/sources_1/new/Mux_2way_4bit.vhd" into library xil_defaultlib
INFO: [VRFC 10-307] analyzing entity Mux_2way_4bit
INFO: [VRFC 10-163] Analyzing VHDL file "D:/Nano/Nano.srcs/sources_1/new/Mux_8way_4bit.vhd" into library xil_defaultlib
INFO: [VRFC 10-307] analyzing entity Mux_8way_4bit
INFO: [VRFC 10-163] Analyzing VHDL file "D:/Nano/Nano.srcs/sources_1/new/Nanoprocessor.vhd" into library xil_defaultlib
INFO: [VRFC 10-307] analyzing entity Nanoprocessor
INFO: [VRFC 10-163] Analyzing VHDL file "D:/Nano/Nano.srcs/sources_1/new/PC_3bit.vhd" into library xil_defaultlib
INFO: [VRFC 10-307] analyzing entity PC_3bit
INFO: [VRFC 10-163] Analyzing VHDL file "D:/Nano/Nano.srcs/sources_1/new/Program_ROM.vhd" into library xil_defaultlib
INFO: [VRFC 10-307] analyzing entity Program_ROM
INFO: [VRFC 10-163] Analyzing VHDL file "D:/Nano/Nano.srcs/sources_1/new/RCA_3.vhd" into library xil_defaultlib
INFO: [VRFC 10-307] analyzing entity RCA_3
INFO: [VRFC 10-163] Analyzing VHDL file "D:/Nano/Nano.srcs/sources_1/new/Reg.vhd" into library xil_defaultlib
INFO: [VRFC 10-307] analyzing entity Reg
INFO: [VRFC 10-163] Analyzing VHDL file "D:/Nano/Nano.srcs/sources_1/new/Register_Bank.vhd" into library xil_defaultlib
INFO: [VRFC 10-307] analyzing entity Register_Bank
INFO: [VRFC 10-163] Analyzing VHDL file "D:/Nano/Nano.srcs/sources_1/new/Slow_Clk.vhd" into library xil_defaultlib
INFO: [VRFC 10-307] analyzing entity Slow_Clk
INFO: [VRFC 10-163] Analyzing VHDL file "D:/Nano/Nano.srcs/sim_1/new/TB_Nanoprocessor.vhd" into library xil_defaultlib
INFO: [VRFC 10-307] analyzing entity TB_Nanoprocessor
INFO: [USF-XSim-69] 'compile' step finished in '1' seconds
INFO: [USF-XSim-3] XSim::Elaborate design
INFO: [USF-XSim-61] Executing 'ELABORATE' step in 'D:/Nano/Nano.sim/sim_1/behav/xsim'
Vivado Simulator 2018.2
Copyright 1986-1999, 2001-2018 Xilinx, Inc. All Rights Reserved.
Running: C:/Xilinx/Vivado/2018.2/bin/unwrapped/win64.o/xelab.exe -wto 97a8c603c1d14d52b805c5ae30b72723 --incr --debug typical --relax --mt 2 -L xil_defaultlib -L secureip --snapshot TB_Nanoprocessor_behav xil_defaultlib.TB_Nanoprocessor -log elaborate.log 
Using 2 slave threads.
Starting static elaboration
Completed static elaboration
Starting simulation data flow analysis
Completed simulation data flow analysis
Time Resolution for simulation is 1ps
Compiling package std.standard
Compiling package std.textio
Compiling package ieee.std_logic_1164
Compiling package ieee.numeric_std
Compiling package ieee.std_logic_textio
Compiling architecture behavioral of entity xil_defaultlib.Slow_Clk [slow_clk_default]
Compiling architecture behavioral of entity xil_defaultlib.LUT_16_7 [lut_16_7_default]
Compiling architecture behavioral of entity xil_defaultlib.HA [ha_default]
Compiling architecture behavioral of entity xil_defaultlib.FA [fa_default]
Compiling architecture behavioral of entity xil_defaultlib.RCA_3 [rca_3_default]
Compiling architecture behavioral of entity xil_defaultlib.Mux_2_to_1 [mux_2_to_1_default]
Compiling architecture behavioral of entity xil_defaultlib.Mux_2way_3bit [mux_2way_3bit_default]
Compiling architecture behavioral of entity xil_defaultlib.PC_3bit [pc_3bit_default]
Compiling architecture behavioral of entity xil_defaultlib.Program_ROM [program_rom_default]
Compiling architecture behavioral of entity xil_defaultlib.Instruction_Dec [instruction_dec_default]
Compiling architecture behavioral of entity xil_defaultlib.Mux_2way_4bit [mux_2way_4bit_default]
Compiling architecture behavioral of entity xil_defaultlib.Add_Sub_4bit [add_sub_4bit_default]
Compiling architecture behavioral of entity xil_defaultlib.Mux_8way_4bit [mux_8way_4bit_default]
Compiling architecture behavioral of entity xil_defaultlib.Decoder_2_to_4 [decoder_2_to_4_default]
Compiling architecture behavioral of entity xil_defaultlib.Decoder_3_to_8 [decoder_3_to_8_default]
Compiling architecture behavioral of entity xil_defaultlib.Reg [reg_default]
Compiling architecture behavioral of entity xil_defaultlib.Register_Bank [register_bank_default]
Compiling architecture behavioral of entity xil_defaultlib.Nanoprocessor [nanoprocessor_default]
Compiling architecture behavioral of entity xil_defaultlib.tb_nanoprocessor
Built simulation snapshot TB_Nanoprocessor_behav

****** Webtalk v2018.2 (64-bit)
  **** SW Build 2258646 on Thu Jun 14 20:03:12 MDT 2018
  **** IP Build 2256618 on Thu Jun 14 22:10:49 MDT 2018
    ** Copyright 1986-2018 Xilinx, Inc. All Rights Reserved.

source D:/Nano/Nano.sim/sim_1/behav/xsim/xsim.dir/TB_Nanoprocessor_behav/webtalk/xsim_webtalk.tcl -notrace
INFO: [Common 17-206] Exiting Webtalk at Fri May 23 23:40:31 2025...
run_program: Time (s): cpu = 00:00:01 ; elapsed = 00:00:05 . Memory (MB): peak = 1064.348 ; gain = 0.000
INFO: [USF-XSim-69] 'elaborate' step finished in '6' seconds
INFO: [USF-XSim-4] XSim::Simulate design
INFO: [USF-XSim-61] Executing 'SIMULATE' step in 'D:/Nano/Nano.sim/sim_1/behav/xsim'
INFO: [USF-XSim-98] *** Running xsim
   with args "TB_Nanoprocessor_behav -key {Behavioral:sim_1:Functional:TB_Nanoprocessor} -tclbatch {TB_Nanoprocessor.tcl} -log {simulate.log}"
INFO: [USF-XSim-8] Loading simulator feature
Vivado Simulator 2018.2
Time resolution is 1 ps
source TB_Nanoprocessor.tcl
# set curr_wave [current_wave_config]
# if { [string length $curr_wave] == 0 } {
#   if { [llength [get_objects]] > 0} {
#     add_wave /
#     set_property needs_save false [current_wave_config]
#   } else {
#      send_msg_id Add_Wave-1 WARNING "No top level signals found. Simulator will start without a wave window. If you want to open a wave window go to 'File->New Waveform Configuration' or type 'create_wave_config' in the TCL console."
#   }
# }
# run 2000ns
INFO: [USF-XSim-96] XSim completed. Design snapshot 'TB_Nanoprocessor_behav' loaded.
INFO: [USF-XSim-97] XSim simulation ran for 2000ns
launch_simulation: Time (s): cpu = 00:00:03 ; elapsed = 00:00:10 . Memory (MB): peak = 1064.348 ; gain = 0.000
reset_run synth_2
WARNING: [Vivado 12-1017] Problems encountered:
1. Failed to delete one or more files in run directory D:/Nano/Nano.runs/synth_2

launch_runs synth_2 -jobs 11
[Fri May 23 23:41:27 2025] Launched synth_2...
Run output will be captured here: D:/Nano/Nano.runs/synth_2/runme.log
launch_runs impl_2 -jobs 11
[Fri May 23 23:41:50 2025] Launched impl_2...
Run output will be captured here: D:/Nano/Nano.runs/impl_2/runme.log
close_sim
INFO: [Simtcl 6-16] Simulation closed
launch_simulation
INFO: [Vivado 12-5682] Launching behavioral simulation in 'D:/Nano/Nano.sim/sim_1/behav/xsim'
INFO: [SIM-utils-51] Simulation object is 'sim_1'
INFO: [SIM-utils-54] Inspecting design source files for 'TB_Nanoprocessor' in fileset 'sim_1'...
INFO: [USF-XSim-97] Finding global include files...
INFO: [USF-XSim-98] Fetching design files from 'sim_1'...
INFO: [USF-XSim-2] XSim::Compile design
INFO: [USF-XSim-61] Executing 'COMPILE and ANALYZE' step in 'D:/Nano/Nano.sim/sim_1/behav/xsim'
"xvhdl --incr --relax -prj TB_Nanoprocessor_vhdl.prj"
INFO: [VRFC 10-163] Analyzing VHDL file "D:/Nano/Nano.srcs/sources_1/new/Mux_8way_4bit.vhd" into library xil_defaultlib
INFO: [VRFC 10-307] analyzing entity Mux_8way_4bit
INFO: [USF-XSim-69] 'compile' step finished in '1' seconds
INFO: [USF-XSim-3] XSim::Elaborate design
INFO: [USF-XSim-61] Executing 'ELABORATE' step in 'D:/Nano/Nano.sim/sim_1/behav/xsim'
Vivado Simulator 2018.2
Copyright 1986-1999, 2001-2018 Xilinx, Inc. All Rights Reserved.
Running: C:/Xilinx/Vivado/2018.2/bin/unwrapped/win64.o/xelab.exe -wto 97a8c603c1d14d52b805c5ae30b72723 --incr --debug typical --relax --mt 2 -L xil_defaultlib -L secureip --snapshot TB_Nanoprocessor_behav xil_defaultlib.TB_Nanoprocessor -log elaborate.log 
Using 2 slave threads.
Starting static elaboration
Completed static elaboration
Starting simulation data flow analysis
Completed simulation data flow analysis
Time Resolution for simulation is 1ps
Compiling package std.standard
Compiling package std.textio
Compiling package ieee.std_logic_1164
Compiling package ieee.numeric_std
Compiling package ieee.std_logic_textio
Compiling architecture behavioral of entity xil_defaultlib.Slow_Clk [slow_clk_default]
Compiling architecture behavioral of entity xil_defaultlib.LUT_16_7 [lut_16_7_default]
Compiling architecture behavioral of entity xil_defaultlib.HA [ha_default]
Compiling architecture behavioral of entity xil_defaultlib.FA [fa_default]
Compiling architecture behavioral of entity xil_defaultlib.RCA_3 [rca_3_default]
Compiling architecture behavioral of entity xil_defaultlib.Mux_2_to_1 [mux_2_to_1_default]
Compiling architecture behavioral of entity xil_defaultlib.Mux_2way_3bit [mux_2way_3bit_default]
Compiling architecture behavioral of entity xil_defaultlib.PC_3bit [pc_3bit_default]
Compiling architecture behavioral of entity xil_defaultlib.Program_ROM [program_rom_default]
Compiling architecture behavioral of entity xil_defaultlib.Instruction_Dec [instruction_dec_default]
Compiling architecture behavioral of entity xil_defaultlib.Mux_2way_4bit [mux_2way_4bit_default]
Compiling architecture behavioral of entity xil_defaultlib.Add_Sub_4bit [add_sub_4bit_default]
Compiling architecture behavioral of entity xil_defaultlib.Mux_8way_4bit [mux_8way_4bit_default]
Compiling architecture behavioral of entity xil_defaultlib.Decoder_2_to_4 [decoder_2_to_4_default]
Compiling architecture behavioral of entity xil_defaultlib.Decoder_3_to_8 [decoder_3_to_8_default]
Compiling architecture behavioral of entity xil_defaultlib.Reg [reg_default]
Compiling architecture behavioral of entity xil_defaultlib.Register_Bank [register_bank_default]
Compiling architecture behavioral of entity xil_defaultlib.Nanoprocessor [nanoprocessor_default]
Compiling architecture behavioral of entity xil_defaultlib.tb_nanoprocessor
Built simulation snapshot TB_Nanoprocessor_behav
INFO: [USF-XSim-69] 'elaborate' step finished in '1' seconds
INFO: [USF-XSim-4] XSim::Simulate design
INFO: [USF-XSim-61] Executing 'SIMULATE' step in 'D:/Nano/Nano.sim/sim_1/behav/xsim'
INFO: [USF-XSim-98] *** Running xsim
   with args "TB_Nanoprocessor_behav -key {Behavioral:sim_1:Functional:TB_Nanoprocessor} -tclbatch {TB_Nanoprocessor.tcl} -log {simulate.log}"
INFO: [USF-XSim-8] Loading simulator feature
Vivado Simulator 2018.2
Time resolution is 1 ps
source TB_Nanoprocessor.tcl
# set curr_wave [current_wave_config]
# if { [string length $curr_wave] == 0 } {
#   if { [llength [get_objects]] > 0} {
#     add_wave /
#     set_property needs_save false [current_wave_config]
#   } else {
#      send_msg_id Add_Wave-1 WARNING "No top level signals found. Simulator will start without a wave window. If you want to open a wave window go to 'File->New Waveform Configuration' or type 'create_wave_config' in the TCL console."
#   }
# }
# run 2000ns
INFO: [USF-XSim-96] XSim completed. Design snapshot 'TB_Nanoprocessor_behav' loaded.
INFO: [USF-XSim-97] XSim simulation ran for 2000ns
reset_run synth_2
WARNING: [Vivado 12-1017] Problems encountered:
1. Failed to delete one or more files in run directory D:/Nano/Nano.runs/synth_2

launch_runs synth_2 -jobs 11
[Fri May 23 23:44:41 2025] Launched synth_2...
Run output will be captured here: D:/Nano/Nano.runs/synth_2/runme.log
launch_runs impl_2 -jobs 11
[Fri May 23 23:45:03 2025] Launched impl_2...
Run output will be captured here: D:/Nano/Nano.runs/impl_2/runme.log
reset_run synth_2
WARNING: [Vivado 12-1017] Problems encountered:
1. Failed to delete one or more files in run directory D:/Nano/Nano.runs/synth_2

launch_runs synth_2 -jobs 11
[Fri May 23 23:47:40 2025] Launched synth_2...
Run output will be captured here: D:/Nano/Nano.runs/synth_2/runme.log
launch_runs impl_2 -jobs 11
[Fri May 23 23:48:11 2025] Launched impl_2...
Run output will be captured here: D:/Nano/Nano.runs/impl_2/runme.log
update_compile_order -fileset sources_1
close_sim
INFO: [Simtcl 6-16] Simulation closed
launch_simulation
INFO: [Vivado 12-5682] Launching behavioral simulation in 'D:/Nano/Nano.sim/sim_1/behav/xsim'
INFO: [SIM-utils-51] Simulation object is 'sim_1'
INFO: [SIM-utils-54] Inspecting design source files for 'TB_Nanoprocessor' in fileset 'sim_1'...
INFO: [USF-XSim-97] Finding global include files...
INFO: [USF-XSim-98] Fetching design files from 'sim_1'...
INFO: [USF-XSim-2] XSim::Compile design
INFO: [USF-XSim-61] Executing 'COMPILE and ANALYZE' step in 'D:/Nano/Nano.sim/sim_1/behav/xsim'
"xvhdl --incr --relax -prj TB_Nanoprocessor_vhdl.prj"
INFO: [VRFC 10-163] Analyzing VHDL file "D:/Nano/Nano.srcs/sources_1/new/Mux_8way_4bit.vhd" into library xil_defaultlib
INFO: [VRFC 10-307] analyzing entity Mux_8way_4bit
INFO: [USF-XSim-69] 'compile' step finished in '1' seconds
INFO: [USF-XSim-3] XSim::Elaborate design
INFO: [USF-XSim-61] Executing 'ELABORATE' step in 'D:/Nano/Nano.sim/sim_1/behav/xsim'
Vivado Simulator 2018.2
Copyright 1986-1999, 2001-2018 Xilinx, Inc. All Rights Reserved.
Running: C:/Xilinx/Vivado/2018.2/bin/unwrapped/win64.o/xelab.exe -wto 97a8c603c1d14d52b805c5ae30b72723 --incr --debug typical --relax --mt 2 -L xil_defaultlib -L secureip --snapshot TB_Nanoprocessor_behav xil_defaultlib.TB_Nanoprocessor -log elaborate.log 
Using 2 slave threads.
Starting static elaboration
Completed static elaboration
Starting simulation data flow analysis
Completed simulation data flow analysis
Time Resolution for simulation is 1ps
Compiling package std.standard
Compiling package std.textio
Compiling package ieee.std_logic_1164
Compiling package ieee.numeric_std
Compiling package ieee.std_logic_textio
Compiling architecture behavioral of entity xil_defaultlib.Slow_Clk [slow_clk_default]
Compiling architecture behavioral of entity xil_defaultlib.LUT_16_7 [lut_16_7_default]
Compiling architecture behavioral of entity xil_defaultlib.HA [ha_default]
Compiling architecture behavioral of entity xil_defaultlib.FA [fa_default]
Compiling architecture behavioral of entity xil_defaultlib.RCA_3 [rca_3_default]
Compiling architecture behavioral of entity xil_defaultlib.Mux_2_to_1 [mux_2_to_1_default]
Compiling architecture behavioral of entity xil_defaultlib.Mux_2way_3bit [mux_2way_3bit_default]
Compiling architecture behavioral of entity xil_defaultlib.PC_3bit [pc_3bit_default]
Compiling architecture behavioral of entity xil_defaultlib.Program_ROM [program_rom_default]
Compiling architecture behavioral of entity xil_defaultlib.Instruction_Dec [instruction_dec_default]
Compiling architecture behavioral of entity xil_defaultlib.Mux_2way_4bit [mux_2way_4bit_default]
Compiling architecture behavioral of entity xil_defaultlib.Add_Sub_4bit [add_sub_4bit_default]
Compiling architecture behavioral of entity xil_defaultlib.Mux_8way_4bit [mux_8way_4bit_default]
Compiling architecture behavioral of entity xil_defaultlib.Decoder_2_to_4 [decoder_2_to_4_default]
Compiling architecture behavioral of entity xil_defaultlib.Decoder_3_to_8 [decoder_3_to_8_default]
Compiling architecture behavioral of entity xil_defaultlib.Reg [reg_default]
Compiling architecture behavioral of entity xil_defaultlib.Register_Bank [register_bank_default]
Compiling architecture behavioral of entity xil_defaultlib.Nanoprocessor [nanoprocessor_default]
Compiling architecture behavioral of entity xil_defaultlib.tb_nanoprocessor
Built simulation snapshot TB_Nanoprocessor_behav
INFO: [USF-XSim-69] 'elaborate' step finished in '1' seconds
INFO: [USF-XSim-4] XSim::Simulate design
INFO: [USF-XSim-61] Executing 'SIMULATE' step in 'D:/Nano/Nano.sim/sim_1/behav/xsim'
INFO: [USF-XSim-98] *** Running xsim
   with args "TB_Nanoprocessor_behav -key {Behavioral:sim_1:Functional:TB_Nanoprocessor} -tclbatch {TB_Nanoprocessor.tcl} -log {simulate.log}"
INFO: [USF-XSim-8] Loading simulator feature
Vivado Simulator 2018.2
Time resolution is 1 ps
source TB_Nanoprocessor.tcl
# set curr_wave [current_wave_config]
# if { [string length $curr_wave] == 0 } {
#   if { [llength [get_objects]] > 0} {
#     add_wave /
#     set_property needs_save false [current_wave_config]
#   } else {
#      send_msg_id Add_Wave-1 WARNING "No top level signals found. Simulator will start without a wave window. If you want to open a wave window go to 'File->New Waveform Configuration' or type 'create_wave_config' in the TCL console."
#   }
# }
# run 2000ns
INFO: [USF-XSim-96] XSim completed. Design snapshot 'TB_Nanoprocessor_behav' loaded.
INFO: [USF-XSim-97] XSim simulation ran for 2000ns
launch_simulation: Time (s): cpu = 00:00:01 ; elapsed = 00:00:05 . Memory (MB): peak = 1094.277 ; gain = 0.000
reset_run synth_2
WARNING: [Vivado 12-1017] Problems encountered:
1. Failed to delete one or more files in run directory D:/Nano/Nano.runs/synth_2

launch_runs synth_2 -jobs 11
[Fri May 23 23:50:54 2025] Launched synth_2...
Run output will be captured here: D:/Nano/Nano.runs/synth_2/runme.log
reset_run synth_2
WARNING: [Vivado 12-1017] Problems encountered:
1. Failed to delete one or more files in run directory D:/Nano/Nano.runs/synth_2

update_compile_order -fileset sources_1
close_sim
INFO: [Simtcl 6-16] Simulation closed
launch_simulation
INFO: [Vivado 12-5682] Launching behavioral simulation in 'D:/Nano/Nano.sim/sim_1/behav/xsim'
INFO: [SIM-utils-51] Simulation object is 'sim_1'
INFO: [SIM-utils-54] Inspecting design source files for 'TB_Nanoprocessor' in fileset 'sim_1'...
INFO: [USF-XSim-97] Finding global include files...
INFO: [USF-XSim-98] Fetching design files from 'sim_1'...
INFO: [USF-XSim-2] XSim::Compile design
INFO: [USF-XSim-61] Executing 'COMPILE and ANALYZE' step in 'D:/Nano/Nano.sim/sim_1/behav/xsim'
"xvhdl --incr --relax -prj TB_Nanoprocessor_vhdl.prj"
INFO: [VRFC 10-163] Analyzing VHDL file "D:/Nano/Nano.srcs/sources_1/new/Add_Sub_4bit.vhd" into library xil_defaultlib
INFO: [VRFC 10-307] analyzing entity Add_Sub_4bit
INFO: [USF-XSim-69] 'compile' step finished in '1' seconds
INFO: [USF-XSim-3] XSim::Elaborate design
INFO: [USF-XSim-61] Executing 'ELABORATE' step in 'D:/Nano/Nano.sim/sim_1/behav/xsim'
Vivado Simulator 2018.2
Copyright 1986-1999, 2001-2018 Xilinx, Inc. All Rights Reserved.
Running: C:/Xilinx/Vivado/2018.2/bin/unwrapped/win64.o/xelab.exe -wto 97a8c603c1d14d52b805c5ae30b72723 --incr --debug typical --relax --mt 2 -L xil_defaultlib -L secureip --snapshot TB_Nanoprocessor_behav xil_defaultlib.TB_Nanoprocessor -log elaborate.log 
Using 2 slave threads.
Starting static elaboration
Completed static elaboration
Starting simulation data flow analysis
Completed simulation data flow analysis
Time Resolution for simulation is 1ps
Compiling package std.standard
Compiling package std.textio
Compiling package ieee.std_logic_1164
Compiling package ieee.numeric_std
Compiling package ieee.std_logic_textio
Compiling architecture behavioral of entity xil_defaultlib.Slow_Clk [slow_clk_default]
Compiling architecture behavioral of entity xil_defaultlib.LUT_16_7 [lut_16_7_default]
Compiling architecture behavioral of entity xil_defaultlib.HA [ha_default]
Compiling architecture behavioral of entity xil_defaultlib.FA [fa_default]
Compiling architecture behavioral of entity xil_defaultlib.RCA_3 [rca_3_default]
Compiling architecture behavioral of entity xil_defaultlib.Mux_2_to_1 [mux_2_to_1_default]
Compiling architecture behavioral of entity xil_defaultlib.Mux_2way_3bit [mux_2way_3bit_default]
Compiling architecture behavioral of entity xil_defaultlib.PC_3bit [pc_3bit_default]
Compiling architecture behavioral of entity xil_defaultlib.Program_ROM [program_rom_default]
Compiling architecture behavioral of entity xil_defaultlib.Instruction_Dec [instruction_dec_default]
Compiling architecture behavioral of entity xil_defaultlib.Mux_2way_4bit [mux_2way_4bit_default]
Compiling architecture behavioral of entity xil_defaultlib.Add_Sub_4bit [add_sub_4bit_default]
Compiling architecture behavioral of entity xil_defaultlib.Mux_8way_4bit [mux_8way_4bit_default]
Compiling architecture behavioral of entity xil_defaultlib.Decoder_2_to_4 [decoder_2_to_4_default]
Compiling architecture behavioral of entity xil_defaultlib.Decoder_3_to_8 [decoder_3_to_8_default]
Compiling architecture behavioral of entity xil_defaultlib.Reg [reg_default]
Compiling architecture behavioral of entity xil_defaultlib.Register_Bank [register_bank_default]
Compiling architecture behavioral of entity xil_defaultlib.Nanoprocessor [nanoprocessor_default]
Compiling architecture behavioral of entity xil_defaultlib.tb_nanoprocessor
Built simulation snapshot TB_Nanoprocessor_behav
INFO: [USF-XSim-69] 'elaborate' step finished in '1' seconds
INFO: [USF-XSim-4] XSim::Simulate design
INFO: [USF-XSim-61] Executing 'SIMULATE' step in 'D:/Nano/Nano.sim/sim_1/behav/xsim'
INFO: [USF-XSim-98] *** Running xsim
   with args "TB_Nanoprocessor_behav -key {Behavioral:sim_1:Functional:TB_Nanoprocessor} -tclbatch {TB_Nanoprocessor.tcl} -log {simulate.log}"
INFO: [USF-XSim-8] Loading simulator feature
Vivado Simulator 2018.2
Time resolution is 1 ps
source TB_Nanoprocessor.tcl
# set curr_wave [current_wave_config]
# if { [string length $curr_wave] == 0 } {
#   if { [llength [get_objects]] > 0} {
#     add_wave /
#     set_property needs_save false [current_wave_config]
#   } else {
#      send_msg_id Add_Wave-1 WARNING "No top level signals found. Simulator will start without a wave window. If you want to open a wave window go to 'File->New Waveform Configuration' or type 'create_wave_config' in the TCL console."
#   }
# }
# run 2000ns
INFO: [USF-XSim-96] XSim completed. Design snapshot 'TB_Nanoprocessor_behav' loaded.
INFO: [USF-XSim-97] XSim simulation ran for 2000ns
close_sim
INFO: [Simtcl 6-16] Simulation closed
launch_simulation
INFO: [Vivado 12-5682] Launching behavioral simulation in 'D:/Nano/Nano.sim/sim_1/behav/xsim'
INFO: [SIM-utils-51] Simulation object is 'sim_1'
INFO: [SIM-utils-54] Inspecting design source files for 'TB_Nanoprocessor' in fileset 'sim_1'...
INFO: [USF-XSim-97] Finding global include files...
INFO: [USF-XSim-98] Fetching design files from 'sim_1'...
INFO: [USF-XSim-2] XSim::Compile design
INFO: [USF-XSim-61] Executing 'COMPILE and ANALYZE' step in 'D:/Nano/Nano.sim/sim_1/behav/xsim'
"xvhdl --incr --relax -prj TB_Nanoprocessor_vhdl.prj"
INFO: [VRFC 10-163] Analyzing VHDL file "D:/Nano/Nano.srcs/sources_1/new/Add_Sub_4bit.vhd" into library xil_defaultlib
INFO: [VRFC 10-307] analyzing entity Add_Sub_4bit
INFO: [USF-XSim-69] 'compile' step finished in '1' seconds
INFO: [USF-XSim-3] XSim::Elaborate design
INFO: [USF-XSim-61] Executing 'ELABORATE' step in 'D:/Nano/Nano.sim/sim_1/behav/xsim'
Vivado Simulator 2018.2
Copyright 1986-1999, 2001-2018 Xilinx, Inc. All Rights Reserved.
Running: C:/Xilinx/Vivado/2018.2/bin/unwrapped/win64.o/xelab.exe -wto 97a8c603c1d14d52b805c5ae30b72723 --incr --debug typical --relax --mt 2 -L xil_defaultlib -L secureip --snapshot TB_Nanoprocessor_behav xil_defaultlib.TB_Nanoprocessor -log elaborate.log 
Using 2 slave threads.
Starting static elaboration
Completed static elaboration
Starting simulation data flow analysis
Completed simulation data flow analysis
Time Resolution for simulation is 1ps
Compiling package std.standard
Compiling package std.textio
Compiling package ieee.std_logic_1164
Compiling package ieee.numeric_std
Compiling package ieee.std_logic_textio
Compiling architecture behavioral of entity xil_defaultlib.Slow_Clk [slow_clk_default]
Compiling architecture behavioral of entity xil_defaultlib.LUT_16_7 [lut_16_7_default]
Compiling architecture behavioral of entity xil_defaultlib.HA [ha_default]
Compiling architecture behavioral of entity xil_defaultlib.FA [fa_default]
Compiling architecture behavioral of entity xil_defaultlib.RCA_3 [rca_3_default]
Compiling architecture behavioral of entity xil_defaultlib.Mux_2_to_1 [mux_2_to_1_default]
Compiling architecture behavioral of entity xil_defaultlib.Mux_2way_3bit [mux_2way_3bit_default]
Compiling architecture behavioral of entity xil_defaultlib.PC_3bit [pc_3bit_default]
Compiling architecture behavioral of entity xil_defaultlib.Program_ROM [program_rom_default]
Compiling architecture behavioral of entity xil_defaultlib.Instruction_Dec [instruction_dec_default]
Compiling architecture behavioral of entity xil_defaultlib.Mux_2way_4bit [mux_2way_4bit_default]
Compiling architecture behavioral of entity xil_defaultlib.Add_Sub_4bit [add_sub_4bit_default]
Compiling architecture behavioral of entity xil_defaultlib.Mux_8way_4bit [mux_8way_4bit_default]
Compiling architecture behavioral of entity xil_defaultlib.Decoder_2_to_4 [decoder_2_to_4_default]
Compiling architecture behavioral of entity xil_defaultlib.Decoder_3_to_8 [decoder_3_to_8_default]
Compiling architecture behavioral of entity xil_defaultlib.Reg [reg_default]
Compiling architecture behavioral of entity xil_defaultlib.Register_Bank [register_bank_default]
Compiling architecture behavioral of entity xil_defaultlib.Nanoprocessor [nanoprocessor_default]
Compiling architecture behavioral of entity xil_defaultlib.tb_nanoprocessor
Built simulation snapshot TB_Nanoprocessor_behav
INFO: [USF-XSim-69] 'elaborate' step finished in '1' seconds
INFO: [USF-XSim-4] XSim::Simulate design
INFO: [USF-XSim-61] Executing 'SIMULATE' step in 'D:/Nano/Nano.sim/sim_1/behav/xsim'
INFO: [USF-XSim-98] *** Running xsim
   with args "TB_Nanoprocessor_behav -key {Behavioral:sim_1:Functional:TB_Nanoprocessor} -tclbatch {TB_Nanoprocessor.tcl} -log {simulate.log}"
INFO: [USF-XSim-8] Loading simulator feature
Vivado Simulator 2018.2
Time resolution is 1 ps
source TB_Nanoprocessor.tcl
# set curr_wave [current_wave_config]
# if { [string length $curr_wave] == 0 } {
#   if { [llength [get_objects]] > 0} {
#     add_wave /
#     set_property needs_save false [current_wave_config]
#   } else {
#      send_msg_id Add_Wave-1 WARNING "No top level signals found. Simulator will start without a wave window. If you want to open a wave window go to 'File->New Waveform Configuration' or type 'create_wave_config' in the TCL console."
#   }
# }
# run 2000ns
INFO: [USF-XSim-96] XSim completed. Design snapshot 'TB_Nanoprocessor_behav' loaded.
INFO: [USF-XSim-97] XSim simulation ran for 2000ns
update_compile_order -fileset sources_1
update_compile_order -fileset sources_1
close_sim
INFO: [Simtcl 6-16] Simulation closed
launch_simulation
INFO: [Vivado 12-5682] Launching behavioral simulation in 'D:/Nano/Nano.sim/sim_1/behav/xsim'
INFO: [SIM-utils-51] Simulation object is 'sim_1'
INFO: [SIM-utils-54] Inspecting design source files for 'TB_Nanoprocessor' in fileset 'sim_1'...
INFO: [USF-XSim-97] Finding global include files...
INFO: [USF-XSim-98] Fetching design files from 'sim_1'...
INFO: [USF-XSim-2] XSim::Compile design
INFO: [USF-XSim-61] Executing 'COMPILE and ANALYZE' step in 'D:/Nano/Nano.sim/sim_1/behav/xsim'
"xvhdl --incr --relax -prj TB_Nanoprocessor_vhdl.prj"
INFO: [VRFC 10-163] Analyzing VHDL file "D:/Nano/Nano.srcs/sources_1/new/Add_Sub_4bit.vhd" into library xil_defaultlib
INFO: [VRFC 10-307] analyzing entity Add_Sub_4bit
INFO: [USF-XSim-69] 'compile' step finished in '1' seconds
INFO: [USF-XSim-3] XSim::Elaborate design
INFO: [USF-XSim-61] Executing 'ELABORATE' step in 'D:/Nano/Nano.sim/sim_1/behav/xsim'
Vivado Simulator 2018.2
Copyright 1986-1999, 2001-2018 Xilinx, Inc. All Rights Reserved.
Running: C:/Xilinx/Vivado/2018.2/bin/unwrapped/win64.o/xelab.exe -wto 97a8c603c1d14d52b805c5ae30b72723 --incr --debug typical --relax --mt 2 -L xil_defaultlib -L secureip --snapshot TB_Nanoprocessor_behav xil_defaultlib.TB_Nanoprocessor -log elaborate.log 
Using 2 slave threads.
Starting static elaboration
Completed static elaboration
Starting simulation data flow analysis
Completed simulation data flow analysis
Time Resolution for simulation is 1ps
Compiling package std.standard
Compiling package std.textio
Compiling package ieee.std_logic_1164
Compiling package ieee.numeric_std
Compiling package ieee.std_logic_textio
Compiling architecture behavioral of entity xil_defaultlib.Slow_Clk [slow_clk_default]
Compiling architecture behavioral of entity xil_defaultlib.LUT_16_7 [lut_16_7_default]
Compiling architecture behavioral of entity xil_defaultlib.HA [ha_default]
Compiling architecture behavioral of entity xil_defaultlib.FA [fa_default]
Compiling architecture behavioral of entity xil_defaultlib.RCA_3 [rca_3_default]
Compiling architecture behavioral of entity xil_defaultlib.Mux_2_to_1 [mux_2_to_1_default]
Compiling architecture behavioral of entity xil_defaultlib.Mux_2way_3bit [mux_2way_3bit_default]
Compiling architecture behavioral of entity xil_defaultlib.PC_3bit [pc_3bit_default]
Compiling architecture behavioral of entity xil_defaultlib.Program_ROM [program_rom_default]
Compiling architecture behavioral of entity xil_defaultlib.Instruction_Dec [instruction_dec_default]
Compiling architecture behavioral of entity xil_defaultlib.Mux_2way_4bit [mux_2way_4bit_default]
Compiling architecture behavioral_with_reset of entity xil_defaultlib.Add_Sub_4bit [add_sub_4bit_default]
Compiling architecture behavioral of entity xil_defaultlib.Mux_8way_4bit [mux_8way_4bit_default]
Compiling architecture behavioral of entity xil_defaultlib.Decoder_2_to_4 [decoder_2_to_4_default]
Compiling architecture behavioral of entity xil_defaultlib.Decoder_3_to_8 [decoder_3_to_8_default]
Compiling architecture behavioral of entity xil_defaultlib.Reg [reg_default]
Compiling architecture behavioral of entity xil_defaultlib.Register_Bank [register_bank_default]
Compiling architecture behavioral of entity xil_defaultlib.Nanoprocessor [nanoprocessor_default]
Compiling architecture behavioral of entity xil_defaultlib.tb_nanoprocessor
Built simulation snapshot TB_Nanoprocessor_behav
INFO: [USF-XSim-69] 'elaborate' step finished in '1' seconds
INFO: [USF-XSim-4] XSim::Simulate design
INFO: [USF-XSim-61] Executing 'SIMULATE' step in 'D:/Nano/Nano.sim/sim_1/behav/xsim'
INFO: [USF-XSim-98] *** Running xsim
   with args "TB_Nanoprocessor_behav -key {Behavioral:sim_1:Functional:TB_Nanoprocessor} -tclbatch {TB_Nanoprocessor.tcl} -log {simulate.log}"
INFO: [USF-XSim-8] Loading simulator feature
Vivado Simulator 2018.2
Time resolution is 1 ps
source TB_Nanoprocessor.tcl
# set curr_wave [current_wave_config]
# if { [string length $curr_wave] == 0 } {
#   if { [llength [get_objects]] > 0} {
#     add_wave /
#     set_property needs_save false [current_wave_config]
#   } else {
#      send_msg_id Add_Wave-1 WARNING "No top level signals found. Simulator will start without a wave window. If you want to open a wave window go to 'File->New Waveform Configuration' or type 'create_wave_config' in the TCL console."
#   }
# }
# run 2000ns
INFO: [USF-XSim-96] XSim completed. Design snapshot 'TB_Nanoprocessor_behav' loaded.
INFO: [USF-XSim-97] XSim simulation ran for 2000ns
launch_runs synth_2 -jobs 11
[Fri May 23 23:56:05 2025] Launched synth_2...
Run output will be captured here: D:/Nano/Nano.runs/synth_2/runme.log
launch_runs impl_2 -jobs 11
[Fri May 23 23:56:41 2025] Launched impl_2...
Run output will be captured here: D:/Nano/Nano.runs/impl_2/runme.log
update_compile_order -fileset sources_1
reset_run synth_2
launch_runs synth_2 -jobs 11
[Fri May 23 23:58:53 2025] Launched synth_2...
Run output will be captured here: D:/Nano/Nano.runs/synth_2/runme.log
launch_runs impl_2 -jobs 11
[Fri May 23 23:59:16 2025] Launched impl_2...
Run output will be captured here: D:/Nano/Nano.runs/impl_2/runme.log
close_sim
INFO: [Simtcl 6-16] Simulation closed
launch_simulation
INFO: [Vivado 12-5682] Launching behavioral simulation in 'D:/Nano/Nano.sim/sim_1/behav/xsim'
INFO: [SIM-utils-51] Simulation object is 'sim_1'
INFO: [SIM-utils-54] Inspecting design source files for 'TB_Nanoprocessor' in fileset 'sim_1'...
INFO: [USF-XSim-97] Finding global include files...
INFO: [USF-XSim-98] Fetching design files from 'sim_1'...
INFO: [USF-XSim-2] XSim::Compile design
INFO: [USF-XSim-61] Executing 'COMPILE and ANALYZE' step in 'D:/Nano/Nano.sim/sim_1/behav/xsim'
"xvhdl --incr --relax -prj TB_Nanoprocessor_vhdl.prj"
INFO: [VRFC 10-163] Analyzing VHDL file "D:/Nano/Nano.srcs/sources_1/new/Add_Sub_4bit.vhd" into library xil_defaultlib
INFO: [VRFC 10-307] analyzing entity Add_Sub_4bit
INFO: [VRFC 10-163] Analyzing VHDL file "D:/Nano/Nano.srcs/sources_1/new/RCA_3.vhd" into library xil_defaultlib
INFO: [VRFC 10-307] analyzing entity RCA_3
INFO: [USF-XSim-69] 'compile' step finished in '1' seconds
INFO: [USF-XSim-3] XSim::Elaborate design
INFO: [USF-XSim-61] Executing 'ELABORATE' step in 'D:/Nano/Nano.sim/sim_1/behav/xsim'
Vivado Simulator 2018.2
Copyright 1986-1999, 2001-2018 Xilinx, Inc. All Rights Reserved.
Running: C:/Xilinx/Vivado/2018.2/bin/unwrapped/win64.o/xelab.exe -wto 97a8c603c1d14d52b805c5ae30b72723 --incr --debug typical --relax --mt 2 -L xil_defaultlib -L secureip --snapshot TB_Nanoprocessor_behav xil_defaultlib.TB_Nanoprocessor -log elaborate.log 
Using 2 slave threads.
Starting static elaboration
Completed static elaboration
Starting simulation data flow analysis
Completed simulation data flow analysis
Time Resolution for simulation is 1ps
Compiling package std.standard
Compiling package std.textio
Compiling package ieee.std_logic_1164
Compiling package ieee.numeric_std
Compiling package ieee.std_logic_textio
Compiling architecture behavioral of entity xil_defaultlib.Slow_Clk [slow_clk_default]
Compiling architecture behavioral of entity xil_defaultlib.LUT_16_7 [lut_16_7_default]
Compiling architecture behavioral of entity xil_defaultlib.RCA_3 [rca_3_default]
Compiling architecture behavioral of entity xil_defaultlib.Mux_2_to_1 [mux_2_to_1_default]
Compiling architecture behavioral of entity xil_defaultlib.Mux_2way_3bit [mux_2way_3bit_default]
Compiling architecture behavioral of entity xil_defaultlib.PC_3bit [pc_3bit_default]
Compiling architecture behavioral of entity xil_defaultlib.Program_ROM [program_rom_default]
Compiling architecture behavioral of entity xil_defaultlib.Instruction_Dec [instruction_dec_default]
Compiling architecture behavioral of entity xil_defaultlib.Mux_2way_4bit [mux_2way_4bit_default]
Compiling architecture behavioral of entity xil_defaultlib.Add_Sub_4bit [add_sub_4bit_default]
Compiling architecture behavioral of entity xil_defaultlib.Mux_8way_4bit [mux_8way_4bit_default]
Compiling architecture behavioral of entity xil_defaultlib.Decoder_2_to_4 [decoder_2_to_4_default]
Compiling architecture behavioral of entity xil_defaultlib.Decoder_3_to_8 [decoder_3_to_8_default]
Compiling architecture behavioral of entity xil_defaultlib.Reg [reg_default]
Compiling architecture behavioral of entity xil_defaultlib.Register_Bank [register_bank_default]
Compiling architecture behavioral of entity xil_defaultlib.Nanoprocessor [nanoprocessor_default]
Compiling architecture behavioral of entity xil_defaultlib.tb_nanoprocessor
Built simulation snapshot TB_Nanoprocessor_behav
INFO: [USF-XSim-69] 'elaborate' step finished in '1' seconds
INFO: [USF-XSim-4] XSim::Simulate design
INFO: [USF-XSim-61] Executing 'SIMULATE' step in 'D:/Nano/Nano.sim/sim_1/behav/xsim'
INFO: [USF-XSim-98] *** Running xsim
   with args "TB_Nanoprocessor_behav -key {Behavioral:sim_1:Functional:TB_Nanoprocessor} -tclbatch {TB_Nanoprocessor.tcl} -log {simulate.log}"
INFO: [USF-XSim-8] Loading simulator feature
Vivado Simulator 2018.2
Time resolution is 1 ps
source TB_Nanoprocessor.tcl
# set curr_wave [current_wave_config]
# if { [string length $curr_wave] == 0 } {
#   if { [llength [get_objects]] > 0} {
#     add_wave /
#     set_property needs_save false [current_wave_config]
#   } else {
#      send_msg_id Add_Wave-1 WARNING "No top level signals found. Simulator will start without a wave window. If you want to open a wave window go to 'File->New Waveform Configuration' or type 'create_wave_config' in the TCL console."
#   }
# }
# run 2000ns
INFO: [USF-XSim-96] XSim completed. Design snapshot 'TB_Nanoprocessor_behav' loaded.
INFO: [USF-XSim-97] XSim simulation ran for 2000ns
export_ip_user_files -of_objects  [get_files D:/Nano/Nano.srcs/sources_1/new/FA.vhd] -no_script -reset -force -quiet
remove_files  D:/Nano/Nano.srcs/sources_1/new/FA.vhd
file delete -force D:/Nano/Nano.srcs/sources_1/new/FA.vhd
export_ip_user_files -of_objects  [get_files D:/Nano/Nano.srcs/sources_1/new/HA.vhd] -no_script -reset -force -quiet
remove_files  D:/Nano/Nano.srcs/sources_1/new/HA.vhd
file delete -force D:/Nano/Nano.srcs/sources_1/new/HA.vhd
update_compile_order -fileset sources_1
export_ip_user_files -of_objects  [get_files D:/Nano/Nano.srcs/sources_1/new/Mux_2_to_1.vhd] -no_script -reset -force -quiet
remove_files  D:/Nano/Nano.srcs/sources_1/new/Mux_2_to_1.vhd
file delete -force D:/Nano/Nano.srcs/sources_1/new/Mux_2_to_1.vhd
close_sim
INFO: [Simtcl 6-16] Simulation closed
launch_simulation
INFO: [Vivado 12-5682] Launching behavioral simulation in 'D:/Nano/Nano.sim/sim_1/behav/xsim'
INFO: [SIM-utils-51] Simulation object is 'sim_1'
INFO: [SIM-utils-54] Inspecting design source files for 'TB_Nanoprocessor' in fileset 'sim_1'...
INFO: [USF-XSim-97] Finding global include files...
INFO: [USF-XSim-98] Fetching design files from 'sim_1'...
INFO: [USF-XSim-2] XSim::Compile design
INFO: [USF-XSim-61] Executing 'COMPILE and ANALYZE' step in 'D:/Nano/Nano.sim/sim_1/behav/xsim'
"xvhdl --incr --relax -prj TB_Nanoprocessor_vhdl.prj"
INFO: [VRFC 10-163] Analyzing VHDL file "D:/Nano/Nano.srcs/sources_1/new/Mux_2way_3bit.vhd" into library xil_defaultlib
INFO: [VRFC 10-307] analyzing entity Mux_2way_3bit
INFO: [VRFC 10-163] Analyzing VHDL file "D:/Nano/Nano.srcs/sources_1/new/Mux_2way_4bit.vhd" into library xil_defaultlib
INFO: [VRFC 10-307] analyzing entity Mux_2way_4bit
INFO: [USF-XSim-69] 'compile' step finished in '1' seconds
INFO: [USF-XSim-3] XSim::Elaborate design
INFO: [USF-XSim-61] Executing 'ELABORATE' step in 'D:/Nano/Nano.sim/sim_1/behav/xsim'
Vivado Simulator 2018.2
Copyright 1986-1999, 2001-2018 Xilinx, Inc. All Rights Reserved.
Running: C:/Xilinx/Vivado/2018.2/bin/unwrapped/win64.o/xelab.exe -wto 97a8c603c1d14d52b805c5ae30b72723 --incr --debug typical --relax --mt 2 -L xil_defaultlib -L secureip --snapshot TB_Nanoprocessor_behav xil_defaultlib.TB_Nanoprocessor -log elaborate.log 
Using 2 slave threads.
Starting static elaboration
Completed static elaboration
Starting simulation data flow analysis
Completed simulation data flow analysis
Time Resolution for simulation is 1ps
Compiling package std.standard
Compiling package std.textio
Compiling package ieee.std_logic_1164
Compiling package ieee.numeric_std
Compiling package ieee.std_logic_textio
Compiling architecture behavioral of entity xil_defaultlib.Slow_Clk [slow_clk_default]
Compiling architecture behavioral of entity xil_defaultlib.LUT_16_7 [lut_16_7_default]
Compiling architecture behavioral of entity xil_defaultlib.RCA_3 [rca_3_default]
Compiling architecture behavioral of entity xil_defaultlib.Mux_2way_3bit [mux_2way_3bit_default]
Compiling architecture behavioral of entity xil_defaultlib.PC_3bit [pc_3bit_default]
Compiling architecture behavioral of entity xil_defaultlib.Program_ROM [program_rom_default]
Compiling architecture behavioral of entity xil_defaultlib.Instruction_Dec [instruction_dec_default]
Compiling architecture behavioral of entity xil_defaultlib.Mux_2way_4bit [mux_2way_4bit_default]
Compiling architecture behavioral of entity xil_defaultlib.Add_Sub_4bit [add_sub_4bit_default]
Compiling architecture behavioral of entity xil_defaultlib.Mux_8way_4bit [mux_8way_4bit_default]
Compiling architecture behavioral of entity xil_defaultlib.Decoder_2_to_4 [decoder_2_to_4_default]
Compiling architecture behavioral of entity xil_defaultlib.Decoder_3_to_8 [decoder_3_to_8_default]
Compiling architecture behavioral of entity xil_defaultlib.Reg [reg_default]
Compiling architecture behavioral of entity xil_defaultlib.Register_Bank [register_bank_default]
Compiling architecture behavioral of entity xil_defaultlib.Nanoprocessor [nanoprocessor_default]
Compiling architecture behavioral of entity xil_defaultlib.tb_nanoprocessor
Built simulation snapshot TB_Nanoprocessor_behav
INFO: [USF-XSim-69] 'elaborate' step finished in '1' seconds
INFO: [USF-XSim-4] XSim::Simulate design
INFO: [USF-XSim-61] Executing 'SIMULATE' step in 'D:/Nano/Nano.sim/sim_1/behav/xsim'
INFO: [USF-XSim-98] *** Running xsim
   with args "TB_Nanoprocessor_behav -key {Behavioral:sim_1:Functional:TB_Nanoprocessor} -tclbatch {TB_Nanoprocessor.tcl} -log {simulate.log}"
INFO: [USF-XSim-8] Loading simulator feature
Vivado Simulator 2018.2
Time resolution is 1 ps
source TB_Nanoprocessor.tcl
# set curr_wave [current_wave_config]
# if { [string length $curr_wave] == 0 } {
#   if { [llength [get_objects]] > 0} {
#     add_wave /
#     set_property needs_save false [current_wave_config]
#   } else {
#      send_msg_id Add_Wave-1 WARNING "No top level signals found. Simulator will start without a wave window. If you want to open a wave window go to 'File->New Waveform Configuration' or type 'create_wave_config' in the TCL console."
#   }
# }
# run 2000ns
INFO: [USF-XSim-96] XSim completed. Design snapshot 'TB_Nanoprocessor_behav' loaded.
INFO: [USF-XSim-97] XSim simulation ran for 2000ns
reset_run synth_2
WARNING: [Vivado 12-1017] Problems encountered:
1. Failed to delete one or more files in run directory D:/Nano/Nano.runs/synth_2

launch_runs synth_2 -jobs 11
[Sat May 24 00:07:28 2025] Launched synth_2...
Run output will be captured here: D:/Nano/Nano.runs/synth_2/runme.log
launch_runs impl_2 -jobs 11
[Sat May 24 00:07:51 2025] Launched impl_2...
Run output will be captured here: D:/Nano/Nano.runs/impl_2/runme.log
open_run impl_2
INFO: [Common 17-41] Interrupt caught. Command should exit soon.
INFO: [Netlist 29-17] Analyzing 10 Unisim elements for replacement
INFO: [Netlist 29-28] Unisim Transformation completed in 1 CPU seconds
INFO: [Project 1-479] Netlist was created with Vivado 2018.2
INFO: [Common 17-344] 'open_run' was cancelled
update_compile_order -fileset sources_1
reset_run synth_2
WARNING: [Vivado 12-1017] Problems encountered:
1. Failed to delete one or more files in run directory D:/Nano/Nano.runs/synth_2

launch_runs synth_2 -jobs 11
[Sat May 24 00:11:03 2025] Launched synth_2...
Run output will be captured here: D:/Nano/Nano.runs/synth_2/runme.log
launch_runs impl_2 -jobs 11
[Sat May 24 00:11:23 2025] Launched impl_2...
Run output will be captured here: D:/Nano/Nano.runs/impl_2/runme.log
reset_run synth_2
WARNING: [Vivado 12-1017] Problems encountered:
1. Failed to delete one or more files in run directory D:/Nano/Nano.runs/synth_2

launch_runs synth_2 -jobs 11
[Sat May 24 00:12:57 2025] Launched synth_2...
Run output will be captured here: D:/Nano/Nano.runs/synth_2/runme.log
launch_runs impl_2 -jobs 11
[Sat May 24 00:13:25 2025] Launched impl_2...
Run output will be captured here: D:/Nano/Nano.runs/impl_2/runme.log
reset_run synth_2
WARNING: [Vivado 12-1017] Problems encountered:
1. Failed to delete one or more files in run directory D:/Nano/Nano.runs/synth_2

launch_runs synth_2 -jobs 11
[Sat May 24 00:15:08 2025] Launched synth_2...
Run output will be captured here: D:/Nano/Nano.runs/synth_2/runme.log
launch_runs impl_2 -jobs 11
[Sat May 24 00:15:31 2025] Launched impl_2...
Run output will be captured here: D:/Nano/Nano.runs/impl_2/runme.log
close_sim
INFO: [Simtcl 6-16] Simulation closed
exit
INFO: [Common 17-206] Exiting Vivado at Sat May 24 00:16:36 2025...
