#-----------------------------------------------------------
# Vivado v2018.2 (64-bit)
# SW Build 2258646 on Thu Jun 14 20:03:12 MDT 2018
# IP Build 2256618 on Thu Jun 14 22:10:49 MDT 2018
# Start of session at: Sun May 25 18:28:54 2025
# Process ID: 18412
# Current directory: D:/Nano
# Command line: vivado.exe -gui_launcher_event rodinguilauncherevent20040 D:\Nano\Nano.xpr
# Log file: D:/Nano/vivado.log
# Journal file: D:/Nano\vivado.jou
#-----------------------------------------------------------
start_gui
open_project D:/Nano/Nano.xpr
INFO: [Project 1-313] Project file moved from 'D:/CS1050-Labs/Nano' since last save.
Scanning sources...
Finished scanning sources
INFO: [filemgmt 56-1] IP Repository Path: Directory not found as 'D:/ip_repo/slow_clk_1.0'; using path 'D:/CS1050-Labs/ip_repo/slow_clk_1.0' instead.
INFO: [IP_Flow 19-234] Refreshing IP repositories
INFO: [IP_Flow 19-1700] Loaded user IP repository 'd:/CS1050-Labs/ip_repo/slow_clk_1.0'.
INFO: [IP_Flow 19-2313] Loaded Vivado IP repository 'C:/Xilinx/Vivado/2018.2/data/ip'.
open_project: Time (s): cpu = 00:00:15 ; elapsed = 00:00:09 . Memory (MB): peak = 926.559 ; gain = 153.715
update_compile_order -fileset sources_1
reset_run synth_2
launch_runs synth_2 -jobs 11
[Sun May 25 18:29:55 2025] Launched synth_2...
Run output will be captured here: D:/Nano/Nano.runs/synth_2/runme.log
launch_runs impl_2 -jobs 11
[Sun May 25 18:31:05 2025] Launched impl_2...
Run output will be captured here: D:/Nano/Nano.runs/impl_2/runme.log
launch_runs impl_2 -to_step write_bitstream -jobs 11
[Sun May 25 18:33:37 2025] Launched impl_2...
Run output will be captured here: D:/Nano/Nano.runs/impl_2/runme.log
exit
INFO: [Common 17-206] Exiting Vivado at Sun May 25 18:35:41 2025...
